<?xml version="1.0" encoding="UTF-8"?>
<!-- Generated by org.testng.reporters.JUnitReportReporter -->
<testsuite hostname="LAPTOP-MB89NV26" failures="0" tests="2" name="com.testcases.PostDataProviderTest" time="4.885" errors="0" timestamp="2019-12-24T20:33:41 MSK" skipped="0">
  <testcase classname="com.testcases.PostDataProviderTest" name="postAPI" time="4.414"/>
  <testcase classname="com.testcases.PostDataProviderTest" name="postAPI" time="0.471"/>
</testsuite> <!-- com.testcases.PostDataProviderTest -->
