<?xml version="1.0" encoding="UTF-8"?>
<!-- Generated by org.testng.reporters.JUnitReportReporter -->
<testsuite hostname="LAPTOP-MB89NV26" failures="0" tests="7" name="com.testcases.GetrequestTest" time="11.724" errors="0" timestamp="2019-12-22T20:04:26 MSK" skipped="0">
  <testcase classname="com.testcases.GetrequestTest" name="howEachFormatLooksLike" time="0.590"/>
  <testcase classname="com.testcases.GetrequestTest" name="testSinglePhoto_ResponseToString" time="0.179"/>
  <testcase classname="com.testcases.GetrequestTest" name="testSinglePhoto_Response" time="0.212"/>
  <testcase classname="com.testcases.GetrequestTest" name="getListTest" time="9.774"/>
  <testcase classname="com.testcases.GetrequestTest" name="pathParamSinglePhoto_ResponseTest" time="0.166"/>
  <testcase classname="com.testcases.GetrequestTest" name="queryParamSinglePhoto_ResponseTest" time="0.591"/>
  <testcase classname="com.testcases.GetrequestTest" name="testSinglePhoto_String" time="0.212"/>
</testsuite> <!-- com.testcases.GetrequestTest -->
