<?xml version="1.0" encoding="UTF-8"?>
<!-- Generated by org.testng.reporters.JUnitReportReporter -->
<testsuite hostname="LAPTOP-MB89NV26" failures="0" tests="1" name="com.testcases.POSTrequestTest" time="6.794" errors="0" timestamp="2019-12-24T18:20:29 MSK" skipped="0">
  <testcase classname="com.testcases.POSTrequestTest" name="postAPITest" time="6.794"/>
</testsuite> <!-- com.testcases.POSTrequestTest -->
