<?xml version="1.0" encoding="UTF-8"?>
<!-- Generated by org.testng.reporters.JUnitReportReporter -->
<testsuite hostname="LAPTOP-MB89NV26" failures="0" tests="1" name="com.testcases.POSTrequestTest" time="5.370" errors="0" timestamp="2019-12-27T13:43:13 MSK" skipped="0">
  <testcase classname="com.testcases.POSTrequestTest" name="postAPITest" time="5.370"/>
</testsuite> <!-- com.testcases.POSTrequestTest -->
