<?xml version="1.0" encoding="UTF-8"?>
<!-- Generated by org.testng.reporters.JUnitReportReporter -->
<testsuite hostname="LAPTOP-MB89NV26" failures="0" tests="2" name="com.testcases.PostDataProviderTest" time="4.461" errors="0" timestamp="2019-12-27T13:44:35 MSK" skipped="0">
  <testcase classname="com.testcases.PostDataProviderTest" name="postAPI" time="4.131"/>
  <testcase classname="com.testcases.PostDataProviderTest" name="postAPI" time="0.330"/>
</testsuite> <!-- com.testcases.PostDataProviderTest -->
