<?xml version="1.0" encoding="UTF-8"?>
<!-- Generated by org.testng.reporters.JUnitReportReporter -->
<testsuite hostname="LAPTOP-MB89NV26" failures="0" tests="7" name="com.testcases.GetrequestTest" time="7.675" errors="0" timestamp="2019-12-22T18:16:04 MSK" skipped="0">
  <testcase classname="com.testcases.GetrequestTest" name="testSinglePhoto_ResponseToString" time="0.101"/>
  <testcase classname="com.testcases.GetrequestTest" name="pathParamSinglePhoto_ResponseTest" time="0.094"/>
  <testcase classname="com.testcases.GetrequestTest" name="queryParamSinglePhoto_ResponseTest" time="0.234"/>
  <testcase classname="com.testcases.GetrequestTest" name="getListTest" time="6.551"/>
  <testcase classname="com.testcases.GetrequestTest" name="testSinglePhoto_String" time="0.092"/>
  <testcase classname="com.testcases.GetrequestTest" name="howEachFormatLooksLike" time="0.503"/>
  <testcase classname="com.testcases.GetrequestTest" name="testSinglePhoto_Response" time="0.100"/>
</testsuite> <!-- com.testcases.GetrequestTest -->
