<?xml version="1.0" encoding="UTF-8"?>
<!-- Generated by org.testng.reporters.JUnitReportReporter -->
<testsuite hostname="LAPTOP-MB89NV26" failures="0" tests="7" name="com.testcases.GetrequestTest" time="10.640" errors="0" timestamp="2019-12-27T13:42:29 MSK" skipped="0">
  <testcase classname="com.testcases.GetrequestTest" name="pathParamSinglePhoto_ResponseTest" time="0.110"/>
  <testcase classname="com.testcases.GetrequestTest" name="testSinglePhoto_Response" time="0.149"/>
  <testcase classname="com.testcases.GetrequestTest" name="howEachFormatLooksLike" time="0.921"/>
  <testcase classname="com.testcases.GetrequestTest" name="testSinglePhoto_String" time="0.164"/>
  <testcase classname="com.testcases.GetrequestTest" name="queryParamSinglePhoto_ResponseTest" time="0.885"/>
  <testcase classname="com.testcases.GetrequestTest" name="getListTest" time="8.294"/>
  <testcase classname="com.testcases.GetrequestTest" name="testSinglePhoto_ResponseToString" time="0.117"/>
</testsuite> <!-- com.testcases.GetrequestTest -->
