<?xml version="1.0" encoding="UTF-8"?>
<!-- Generated by org.testng.reporters.JUnitReportReporter -->
<testsuite hostname="LAPTOP-MB89NV26" failures="0" tests="1" name="com.testcases.POSTrequestTest" time="0.263" errors="0" timestamp="22 Dec 2019 15:33:00 GMT" skipped="0">
  <testcase classname="com.testcases.POSTrequestTest" name="postAPITest" time="0.263"/>
</testsuite> <!-- com.testcases.POSTrequestTest -->
