<?xml version="1.0" encoding="UTF-8"?>
<!-- Generated by org.testng.reporters.JUnitReportReporter -->
<testsuite hostname="LAPTOP-MB89NV26" failures="0" tests="7" name="com.testcases.GetrequestTest" time="10.786" errors="0" timestamp="22 Dec 2019 16:24:02 GMT" skipped="0">
  <testcase classname="com.testcases.GetrequestTest" name="queryParamSinglePhoto_ResponseTest" time="0.439"/>
  <testcase classname="com.testcases.GetrequestTest" name="getListTest" time="8.081"/>
  <testcase classname="com.testcases.GetrequestTest" name="testSinglePhoto_Response" time="0.283"/>
  <testcase classname="com.testcases.GetrequestTest" name="pathParamSinglePhoto_ResponseTest" time="0.248"/>
  <testcase classname="com.testcases.GetrequestTest" name="testSinglePhoto_ResponseToString" time="0.302"/>
  <testcase classname="com.testcases.GetrequestTest" name="testSinglePhoto_String" time="0.307"/>
  <testcase classname="com.testcases.GetrequestTest" name="howEachFormatLooksLike" time="1.126"/>
</testsuite> <!-- com.testcases.GetrequestTest -->
