<?xml version="1.0" encoding="UTF-8"?>
<!-- Generated by org.testng.reporters.JUnitReportReporter -->
<testsuite hostname="LAPTOP-MB89NV26" failures="0" tests="7" name="com.testcases.GetrequestTest" time="12.306" errors="0" timestamp="27 Dec 2019 15:05:47 GMT" skipped="0">
  <testcase classname="com.testcases.GetrequestTest" name="testSinglePhoto_Response" time="0.100"/>
  <testcase classname="com.testcases.GetrequestTest" name="howEachFormatLooksLike" time="0.409"/>
  <testcase classname="com.testcases.GetrequestTest" name="testSinglePhoto_ResponseToString" time="0.085"/>
  <testcase classname="com.testcases.GetrequestTest" name="pathParamSinglePhoto_ResponseTest" time="0.102"/>
  <testcase classname="com.testcases.GetrequestTest" name="queryParamSinglePhoto_ResponseTest" time="0.216"/>
  <testcase classname="com.testcases.GetrequestTest" name="getListTest" time="11.302"/>
  <testcase classname="com.testcases.GetrequestTest" name="testSinglePhoto_String" time="0.092"/>
</testsuite> <!-- com.testcases.GetrequestTest -->
