<?xml version="1.0" encoding="UTF-8"?>
<!-- Generated by org.testng.reporters.JUnitReportReporter -->
<testsuite hostname="LAPTOP-MB89NV26" failures="0" tests="7" name="com.testcases.GetrequestTest" time="13.844" errors="0" timestamp="22 Dec 2019 15:33:00 GMT" skipped="0">
  <testcase classname="com.testcases.GetrequestTest" name="queryParamSinglePhoto_ResponseTest" time="0.826"/>
  <testcase classname="com.testcases.GetrequestTest" name="getListTest" time="11.027"/>
  <testcase classname="com.testcases.GetrequestTest" name="testSinglePhoto_Response" time="0.268"/>
  <testcase classname="com.testcases.GetrequestTest" name="pathParamSinglePhoto_ResponseTest" time="0.353"/>
  <testcase classname="com.testcases.GetrequestTest" name="testSinglePhoto_ResponseToString" time="0.260"/>
  <testcase classname="com.testcases.GetrequestTest" name="testSinglePhoto_String" time="0.230"/>
  <testcase classname="com.testcases.GetrequestTest" name="howEachFormatLooksLike" time="0.880"/>
</testsuite> <!-- com.testcases.GetrequestTest -->
