<?xml version="1.0" encoding="UTF-8"?>
<!-- Generated by org.testng.reporters.JUnitReportReporter -->
<testsuite hostname="LAPTOP-MB89NV26" failures="0" tests="2" name="com.testcases.PostDataProviderTest" time="4.314" errors="0" timestamp="27 Dec 2019 15:05:47 GMT" skipped="0">
  <testcase classname="com.testcases.PostDataProviderTest" name="postAPI" time="3.850"/>
  <testcase classname="com.testcases.PostDataProviderTest" name="postAPI" time="0.464"/>
</testsuite> <!-- com.testcases.PostDataProviderTest -->
